Arguments: 
  C:\Program Files\nodejs\node.exe C:\Program Files (x86)\Yarn\bin\yarn.js init

PATH: 
  D:\cmder\bin;D:\cmder\vendor\conemu-maximus5\ConEmu\Scripts;D:\cmder\vendor\conemu-maximus5;D:\cmder\vendor\conemu-maximus5\ConEmu;C:\ProgramData\DockerDesktop\version-bin;C:\Program Files\Docker\Docker\Resources\bin;C:\Program Files (x86)\ImageMagick-6.8.0-Q16;C:\Program Files (x86)\Common Files\Oracle\Java\javapath;C:\Windows\system32;C:\Windows;C:\Windows\System32\Wbem;C:\Windows\System32\WindowsPowerShell\v1.0\;C:\Windows\System32\OpenSSH\;D:\cmder;C:\Program Files\Java\jdk1.8.0_191\bin;C:\Program Files (x86)\Calibre2\;C:\Program Files\dotnet\;C:\Program Files\Microsoft SQL Server\130\Tools\Binn\;C:\Users\freit\.dnx\bin;C:\Program Files\Microsoft DNX\Dnvm\;C:\Users\freit\AppData\Local\Android\Sdk\build-tools\28.0.3;C:\Program Files\Symfony;C:\Users\freit\Anaconda3;C:\Users\freit\Anaconda3\Scripts;C:\Program Files\MongoDB\Server\4.0\bin;C:\Program Files\Git\cmd;C:\Program Files (x86)\Yarn\bin\;C:\Program Files\nodejs\;C:\laragon\bin;C:\laragon\bin\apache\httpd-2.4.35-win64-VC15\bin;C:\laragon\bin\composer;C:\laragon\bin\git\bin;C:\laragon\bin\git\cmd;C:\laragon\bin\git\mingw64\bin;C:\laragon\bin\git\usr\bin;C:\laragon\bin\laragon\utils;C:\laragon\bin\mysql\mysql-5.7.24-winx64\bin;C:\laragon\bin\nginx\nginx-1.16.0;C:\laragon\bin\ngrok;C:\laragon\bin\nodejs\node-v12;C:\laragon\bin\notepad++;C:\laragon\bin\php\php-7.2.19-Win32-VC15-x64;C:\laragon\bin\putty;C:\laragon\bin\redis\redis-x64-3.2.100;C:\laragon\bin\telnet;C:\laragon\usr\bin;C:\Users\freit\AppData\Local\Yarn\config\global\node_modules\.bin;C:\Users\freit\AppData\Roaming\Composer\vendor\bin;D:\laragon\bin;D:\laragon\bin\apache\httpd-2.4.35-win64-VC15\bin;D:\laragon\bin\notepad++;D:\laragon\bin\php\php-7.2.11-Win32-VC15-x64;C:\Users\freit\AppData\Local\Microsoft\WindowsApps;C:\Users\freit\AppData\Local\Programs\Microsoft VS Code\bin;C:\Users\freit\AppData\Local\Android\Sdk\tools;C:\Users\freit\AppData\Local\Android\Sdk\platform-tools;C:\Program Files\heroku\bin;C:\Users\freit\AppData\Local\Yarn\bin;C:\Users\freit\AppData\Roaming\npm;C:\Program Files\Git\mingw64;C:\Program Files\Git\usr\bin

Yarn version: 
  1.17.3

Node version: 
  10.16.3

Platform: 
  win32 x64

Trace: 
  Error: canceled
      at Interface.<anonymous> (C:\Program Files (x86)\Yarn\lib\cli.js:136724:13)
      at Interface.emit (events.js:198:13)
      at Interface._ttyWrite (readline.js:801:16)
      at ReadStream.onkeypress (readline.js:184:10)
      at ReadStream.emit (events.js:198:13)
      at emitKeys (internal/readline.js:424:14)
      at emitKeys.next (<anonymous>)
      at ReadStream.onData (readline.js:1075:36)
      at ReadStream.emit (events.js:198:13)
      at addChunk (_stream_readable.js:288:12)

npm manifest: 
  No manifest

yarn manifest: 
  No manifest

Lockfile: 
  No lockfile
